<?xml version="1.0" encoding="UTF-8"?>
<!-- Generated by org.testng.reporters.JUnitReportReporter -->
<testsuite skipped="0" hostname="DESKTOP-7AGSTQ0" name="TaskTest.createTaskTest" tests="1" failures="0" timestamp="2020-07-19T07:05:30 PDT" time="0.015" errors="0">
  <testcase name="run" time="0.015" classname="TaskTest.createTaskTest"/>
  <system-out>
test running successfully  </system-out>
</testsuite> <!-- TaskTest.createTaskTest -->
